<?xml version="1.0" encoding="UTF-8"?>
<!-- Generated by org.testng.reporters.JUnitReportReporter -->
<testsuite hostname="MAVBCP3163" failures="0" tests="2" name="com.testng.listeners.ClassTwo" time="0.005" errors="0" timestamp="2021-12-04T15:14:57 IST" skipped="0">
  <testcase classname="com.testng.listeners.ClassTwo" name="ThirdTC" time="0.001"/>
  <system-out/>
  <testcase classname="com.testng.listeners.ClassTwo" name="FourthTC" time="0.004"/>
  <system-out/>
</testsuite> <!-- com.testng.listeners.ClassTwo -->
