<?xml version="1.0" encoding="UTF-8"?>
<!-- Generated by org.testng.reporters.JUnitReportReporter -->
<testsuite hostname="MAVBCP2226" failures="0" tests="2" name="com.testng.listeners.FirstClass" time="0.007" errors="0" timestamp="2021-12-03T20:06:03 IST" skipped="0">
  <testcase classname="com.testng.listeners.FirstClass" name="FirstTC" time="0.004"/>
  <system-out/>
  <testcase classname="com.testng.listeners.FirstClass" name="SecondTC" time="0.003"/>
  <system-out/>
</testsuite> <!-- com.testng.listeners.FirstClass -->
