<?xml version="1.0" encoding="UTF-8"?>
<!-- Generated by org.testng.reporters.JUnitReportReporter -->
<testsuite hostname="MAVBCP2226" failures="0" tests="3" name="com.testng.dataprovider.DataProviderExample" time="0.012" errors="0" timestamp="2021-12-03T19:35:36 IST" skipped="0">
  <testcase classname="com.testng.dataprovider.DataProviderExample" name="setData" time="0.009"/>
  <system-out/>
  <testcase classname="com.testng.dataprovider.DataProviderExample" name="setData" time="0.001"/>
  <system-out/>
  <testcase classname="com.testng.dataprovider.DataProviderExample" name="setData" time="0.002"/>
  <system-out/>
</testsuite> <!-- com.testng.dataprovider.DataProviderExample -->
