<?xml version="1.0" encoding="UTF-8"?>
<!-- Generated by org.testng.reporters.JUnitReportReporter -->
<testsuite hostname="MAVBCP2226" failures="0" tests="5" name="com.testng.annotation.AnnotationsTest" time="0.024" errors="0" timestamp="2021-12-02T10:51:03 IST" skipped="0">
  <testcase classname="com.testng.annotation.AnnotationsTest" name="FirstTestingMethod" time="0.015"/>
  <system-out/>
  <testcase classname="com.testng.annotation.AnnotationsTest" name="SecondTestingMethod" time="0.002"/>
  <system-out/>
  <testcase classname="com.testng.annotation.AnnotationsTest" name="ThirdTestingMethod" time="0.003"/>
  <system-out/>
  <testcase classname="com.testng.annotation.AnnotationsTest" name="FourthTestingMethod" time="0.003"/>
  <system-out/>
  <testcase classname="com.testng.annotation.AnnotationsTest" name="FifthTestingMethod" time="0.001"/>
  <system-out/>
</testsuite> <!-- com.testng.annotation.AnnotationsTest -->
