<?xml version="1.0" encoding="UTF-8"?>
<!-- Generated by org.testng.reporters.JUnitReportReporter -->
<testsuite hostname="MAVBCP2226" failures="0" tests="1" name="com.testng.listeners.ThirdClass" time="0.014" errors="0" timestamp="2021-12-03T20:06:03 IST" skipped="0">
  <testcase classname="com.testng.listeners.ThirdClass" name="FifthTC" time="0.014"/>
  <system-out/>
</testsuite> <!-- com.testng.listeners.ThirdClass -->
