<?xml version="1.0" encoding="UTF-8"?>
<!-- Generated by org.testng.reporters.JUnitReportReporter -->
<testsuite hostname="MAVBCP2226" failures="0" tests="3" name="com.testng.grouping.GroupingTestCases" time="0.101" errors="0" timestamp="2021-12-03T11:45:48 IST" skipped="0">
  <testcase classname="com.testng.grouping.GroupingTestCases" name="Test3" time="0.005"/>
  <system-out/>
  <testcase classname="com.testng.grouping.GroupingTestCases" name="Test2" time="0.075"/>
  <system-out/>
  <testcase classname="com.testng.grouping.GroupingTestCases" name="Test5" time="0.021"/>
  <system-out/>
</testsuite> <!-- com.testng.grouping.GroupingTestCases -->
