<?xml version="1.0" encoding="UTF-8"?>
<!-- Generated by org.testng.reporters.JUnitReportReporter -->
<testsuite hostname="MAVBCP2226" failures="0" tests="2" name="com.testng.listeners.SecondClass" time="0.006" errors="0" timestamp="2021-12-03T20:06:03 IST" skipped="0">
  <testcase classname="com.testng.listeners.SecondClass" name="ThirdTC" time="0.003"/>
  <system-out/>
  <testcase classname="com.testng.listeners.SecondClass" name="FourthTC" time="0.003"/>
  <system-out/>
</testsuite> <!-- com.testng.listeners.SecondClass -->
