<?xml version="1.0" encoding="UTF-8"?>
<!-- Generated by org.testng.reporters.JUnitReportReporter -->
<testsuite hostname="MAVBCP3163" failures="0" tests="2" name="com.testng.assertions.Assertions" time="0.021" errors="0" timestamp="2021-12-04T15:07:40 IST" skipped="0">
  <testcase classname="com.testng.assertions.Assertions" name="TestB" time="0.003"/>
  <system-out/>
  <testcase classname="com.testng.assertions.Assertions" name="TestA" time="0.018"/>
  <system-out/>
</testsuite> <!-- com.testng.assertions.Assertions -->
