<?xml version="1.0" encoding="UTF-8"?>
<!-- Generated by org.testng.reporters.JUnitReportReporter -->
<testsuite hostname="MAVBCP2226" failures="0" tests="5" name="com.testng.annotation.MultipleTestAnnotations" time="0.037" errors="0" timestamp="2021-12-03T11:34:45 IST" skipped="0">
  <testcase classname="com.testng.annotation.MultipleTestAnnotations" name="ThirdTestingMethod" time="0.019"/>
  <system-out/>
  <testcase classname="com.testng.annotation.MultipleTestAnnotations" name="SecondTestingMethod" time="0.006"/>
  <system-out/>
  <testcase classname="com.testng.annotation.MultipleTestAnnotations" name="FirstTestingMethod" time="0.003"/>
  <system-out/>
  <testcase classname="com.testng.annotation.MultipleTestAnnotations" name="FourthTestingMethod" time="0.004"/>
  <system-out/>
  <testcase classname="com.testng.annotation.MultipleTestAnnotations" name="FifthTestingMethod" time="0.005"/>
  <system-out/>
</testsuite> <!-- com.testng.annotation.MultipleTestAnnotations -->
