<?xml version="1.0" encoding="UTF-8"?>
<!-- Generated by org.testng.reporters.JUnitReportReporter -->
<testsuite hostname="MAVBCP2226" failures="0" tests="3" name="com.testng.parallel.ParallelClass01" time="0.036" errors="0" timestamp="2021-12-03T20:16:15 IST" skipped="0">
  <testcase classname="com.testng.parallel.ParallelClass01" name="test01" time="0.012"/>
  <system-out/>
  <testcase classname="com.testng.parallel.ParallelClass01" name="test02" time="0.012"/>
  <system-out/>
  <testcase classname="com.testng.parallel.ParallelClass01" name="test03" time="0.012"/>
  <system-out/>
</testsuite> <!-- com.testng.parallel.ParallelClass01 -->
