<?xml version="1.0" encoding="UTF-8"?>
<!-- Generated by org.testng.reporters.JUnitReportReporter -->
<testsuite hostname="MAVBCP3163" failures="0" tests="2" name="com.testng.listeners.ClassOne" time="0.007" errors="0" timestamp="2021-12-04T15:14:57 IST" skipped="0">
  <testcase classname="com.testng.listeners.ClassOne" name="SecondTC" time="0.004"/>
  <system-out/>
  <testcase classname="com.testng.listeners.ClassOne" name="FirstTC" time="0.003"/>
  <system-out/>
</testsuite> <!-- com.testng.listeners.ClassOne -->
