<?xml version="1.0" encoding="UTF-8"?>
<!-- Generated by org.testng.reporters.JUnitReportReporter -->
<testsuite hostname="MAVBCP3163" failures="0" tests="1" name="com.testng.listeners.ClassThree" time="0.016" errors="0" timestamp="2021-12-04T15:14:57 IST" skipped="0">
  <testcase classname="com.testng.listeners.ClassThree" name="FifthTC" time="0.016"/>
  <system-out/>
</testsuite> <!-- com.testng.listeners.ClassThree -->
