<?xml version="1.0" encoding="UTF-8"?>
<!-- Generated by org.testng.reporters.JUnitReportReporter -->
<testsuite hostname="MAVBCP3163" failures="0" tests="3" name="com.testng.dataprovider.DataProvider1" time="0.031" errors="0" timestamp="2021-12-04T15:06:46 IST" skipped="0">
  <testcase classname="com.testng.dataprovider.DataProvider1" name="setData" time="0.018"/>
  <system-out/>
  <testcase classname="com.testng.dataprovider.DataProvider1" name="setData" time="0.003"/>
  <system-out/>
  <testcase classname="com.testng.dataprovider.DataProvider1" name="setData" time="0.010"/>
  <system-out/>
</testsuite> <!-- com.testng.dataprovider.DataProvider1 -->
