<?xml version="1.0" encoding="UTF-8"?>
<!-- Generated by org.testng.reporters.JUnitReportReporter -->
<testsuite hostname="MAVBCP3163" failures="0" tests="6" name="com.testng.grouping.Grouping" time="0.027" errors="0" timestamp="2021-12-04T15:11:52 IST" skipped="0">
  <testcase classname="com.testng.grouping.Grouping" name="Test4" time="0.003"/>
  <system-out/>
  <testcase classname="com.testng.grouping.Grouping" name="Test2" time="0.001"/>
  <system-out/>
  <testcase classname="com.testng.grouping.Grouping" name="Test1" time="0.012"/>
  <system-out/>
  <testcase classname="com.testng.grouping.Grouping" name="Test3" time="0.006"/>
  <system-out/>
  <testcase classname="com.testng.grouping.Grouping" name="Test6" time="0.004"/>
  <system-out/>
  <testcase classname="com.testng.grouping.Grouping" name="Test7" time="0.001"/>
  <system-out/>
</testsuite> <!-- com.testng.grouping.Grouping -->
