<?xml version="1.0" encoding="UTF-8"?>
<!-- Generated by org.testng.reporters.JUnitReportReporter -->
<testsuite hostname="MAVBCP3163" failures="0" tests="3" name="com.testng.parallel.ParallelExecution" time="0.048" errors="0" timestamp="2021-12-04T15:45:09 IST" skipped="0">
  <testcase classname="com.testng.parallel.ParallelExecution" name="test02" time="0.016"/>
  <system-out/>
  <testcase classname="com.testng.parallel.ParallelExecution" name="test03" time="0.016"/>
  <system-out/>
  <testcase classname="com.testng.parallel.ParallelExecution" name="test01" time="0.016"/>
  <system-out/>
</testsuite> <!-- com.testng.parallel.ParallelExecution -->
