<?xml version="1.0" encoding="UTF-8"?>
<!-- Generated by org.testng.reporters.JUnitReportReporter -->
<testsuite hostname="MAVBCP3163" failures="0" tests="2" name="com.testng.assertions.AssertTest1" time="0.023" errors="0" timestamp="2021-12-04T15:04:34 IST" skipped="0">
  <testcase classname="com.testng.assertions.AssertTest1" name="TestA" time="0.020"/>
  <system-out/>
  <testcase classname="com.testng.assertions.AssertTest1" name="TestB" time="0.003"/>
  <system-out/>
</testsuite> <!-- com.testng.assertions.AssertTest1 -->
